INFO：2020/07/30 11:48:01 logger.go:120: {"callers":[],"level":"debug","msg":"test logger"}
2020/07/30 13:15:04 logger.go:122: {"callers":null,"level":"debug","message":"test debug","time":1596086104358098832}
2020/07/30 13:15:04 logger.go:122: {"callers":null,"level":"debug","message":"test debug bbb","time":1596086104358230684}
2020/07/30 13:15:04 logger.go:124: {"callers":null,"level":"info","message":"test info","time":1596086104358245226}
2020/07/30 13:15:04 logger.go:124: {"callers":null,"level":"info","message":"test info bbb","time":1596086104358254244}
2020/07/30 13:15:04 logger.go:128: {"callers":null,"level":"error","message":"test error","time":1596086104358261282}
2020/07/30 13:15:04 logger.go:128: {"callers":null,"level":"error","message":"test error bbb","time":1596086104358273647}
2020/07/30 13:15:04 logger.go:130: {"callers":null,"level":"fatal","message":"test fatal","time":1596086104358281384}
2020/08/17 00:05:39 logger.go:143: {"callers":["/Users/apple/lughong/github.com/blog-service/main.go, 28, main.init.0"],"level":"error","message":"app.BindAndValid errs: ,State必须是[0 1]中的一个","time":1597593939603079000}
2020/08/19 22:51:17 logger.go:143: {"callers":["/Users/apple/lughong/github.com/blog-service/main.go, 28, main.init.0"],"level":"error","message":"src.CreateTag error. Error 1146: Table 'blog.tag' doesn't exist","time":1597848677067910000}
2020/08/19 22:54:27 logger.go:143: {"callers":["/Users/apple/lughong/github.com/blog-service/main.go, 28, main.init.0"],"level":"error","message":"src.CreateTag error. Error 1292: Incorrect datetime value: '1597848867' for column 'created_on' at row 1","time":1597848867876274000}
2020/08/19 22:57:06 logger.go:143: {"callers":["/Users/apple/lughong/github.com/blog-service/main.go, 28, main.init.0"],"level":"error","message":"src.CreateTag error. Error 1292: Incorrect datetime value: '0' for column 'deleted_on' at row 1","time":1597849026567682000}
2020/08/19 23:05:06 logger.go:143: {"callers":["/Users/apple/lughong/github.com/blog-service/main.go, 28, main.init.0"],"level":"error","message":"app.BindAndValid error. ,,,State为必填字段,ID为必填字段,Name长度必须至少为2个字符","time":1597849506381042000}
2020/08/19 23:05:30 logger.go:143: {"callers":["/Users/apple/lughong/github.com/blog-service/main.go, 28, main.init.0"],"level":"error","message":"app.BindAndValid error. ,,,ID为必填字段,Name长度必须至少为2个字符,State为必填字段","time":1597849530668984000}
2020/08/19 23:06:02 logger.go:143: {"callers":["/Users/apple/lughong/github.com/blog-service/main.go, 28, main.init.0"],"level":"error","message":"app.BindAndValid error. ,,,ID为必填字段,Name长度必须至少为2个字符,State为必填字段","time":1597849562980911000}
2020/08/19 23:10:42 logger.go:143: {"callers":["/Users/apple/lughong/github.com/blog-service/main.go, 28, main.init.0"],"level":"error","message":"app.BindAndValid error. ,,Name长度必须至少为2个字符,State为必填字段","time":1597849842843418000}
2020/08/19 23:15:56 logger.go:143: {"callers":["/Users/apple/lughong/github.com/blog-service/main.go, 28, main.init.0"],"level":"error","message":"app.BindAndValid error. ,State为必填字段","time":1597850156808022000}
2020/08/19 23:17:14 logger.go:143: {"callers":["/Users/apple/lughong/github.com/blog-service/main.go, 28, main.init.0"],"level":"error","message":"app.BindAndValid error. ,State为必填字段","time":1597850234741325000}
2020/08/19 23:20:40 logger.go:143: {"callers":["/Users/apple/lughong/github.com/blog-service/main.go, 28, main.init.0"],"level":"error","message":"src.DeleteTag error. sql: expected 5 arguments, got 8","time":1597850440818400000}
2020/08/19 23:21:53 logger.go:143: {"callers":["/Users/apple/lughong/github.com/blog-service/main.go, 28, main.init.0"],"level":"error","message":"src.DeleteTag error. sql: expected 5 arguments, got 8","time":1597850513168878000}
2020/08/19 23:26:20 logger.go:143: {"callers":["/Users/apple/lughong/github.com/blog-service/main.go, 28, main.init.0"],"level":"error","message":"src.DeleteTag error. sql: expected 5 arguments, got 8","time":1597850780263210000}
